#
# A fatal error has been detected by the Java Runtime Environment:
#
#  EXCEPTION_ACCESS_VIOLATION (0xc0000005) at pc=0x0000000180005b00, pid=11604, tid=1728
#
# JRE version: Java(TM) SE Runtime Environment (15.0.1+9) (build 15.0.1+9-18)
# Java VM: Java HotSpot(TM) 64-Bit Server VM (15.0.1+9-18, mixed mode, sharing, tiered, compressed oops, g1 gc, windows-amd64)
# Problematic frame:
# C  [rxtxSerial.dll+0x5b00]
#
# No core dump will be written. Minidumps are not enabled by default on client versions of Windows
#
# If you would like to submit a bug report, please visit:
#   https://bugreport.java.com/bugreport/crash.jsp
# The crash happened outside the Java Virtual Machine in native code.
# See problematic frame for where to report the bug.
#

---------------  S U M M A R Y ------------

Command Line: RXTX.Main

Host: Intel(R) Core(TM) i5-8250U CPU @ 1.60GHz, 8 cores, 15G,  Windows 10 , 64 bit Build 18362 (10.0.18362.1110)
Time: Tue Dec 29 09:37:57 2020 India Standard Time elapsed time: 0.393964 seconds (0d 0h 0m 0s)

---------------  T H R E A D  ---------------

Current thread (0x000001acffad4ef0):  JavaThread "Thread-1" [_thread_in_native, id=1728, stack(0x0000000229f00000,0x000000022a000000)]

Stack: [0x0000000229f00000,0x000000022a000000],  sp=0x0000000229fff1c0,  free space=1020k
Native frames: (J=compiled Java code, j=interpreted, Vv=VM code, C=native code)
C  [rxtxSerial.dll+0x5b00]

Java frames: (J=compiled Java code, j=interpreted, Vv=VM code)
j  gnu.io.RXTXPort.readByte()I+0
j  gnu.io.RXTXPort$SerialInputStream.read()I+81
j  RXTX.CommPortReceiver.run()V+4
v  ~StubRoutines::call_stub

siginfo: EXCEPTION_ACCESS_VIOLATION (0xc0000005), reading address 0x0000000029efeb68


Register to memory mapping:

RIP=0x0000000180005b00 rxtxSerial.dll
RAX=0x0000000000000001 is an unknown value
RBX=0x0 is NULL
RCX=0x000000018001d4d5 rxtxSerial.dll
RDX=0xfffffffffffff665 is an unknown value
RSP=0x0000000229fff1c0 is pointing into the stack for thread: 0x000001acffad4ef0
RBP=0x00000000ffffffff is an unknown value
RSI=0x0 is NULL
RDI=0x000001acffad5218 points into unknown readable memory: 0x00007ff8bb76de40 | 40 de 76 bb f8 7f 00 00
R8 =0x0000000000000002 is an unknown value
R9 =0xfffffffffffff63c is an unknown value
R10=0x00007ff8bb80c720 jvm.dll
R11=0x8101010101010100 is an unknown value
R12=0x0000000029efeb60 is an unknown value
R13=0x0000000000000001 is an unknown value
R14=0x0000000229fff360 is pointing into the stack for thread: 0x000001acffad4ef0
R15=0x0 is NULL


Registers:
RAX=0x0000000000000001, RBX=0x0000000000000000, RCX=0x000000018001d4d5, RDX=0xfffffffffffff665
RSP=0x0000000229fff1c0, RBP=0x00000000ffffffff, RSI=0x0000000000000000, RDI=0x000001acffad5218
R8 =0x0000000000000002, R9 =0xfffffffffffff63c, R10=0x00007ff8bb80c720, R11=0x8101010101010100
R12=0x0000000029efeb60, R13=0x0000000000000001, R14=0x0000000229fff360, R15=0x0000000000000000
RIP=0x0000000180005b00, EFLAGS=0x0000000000010202

Top of Stack: (sp=0x0000000229fff1c0)
0x0000000229fff1c0:   0000000000000000 0000000000000000
0x0000000229fff1d0:   0000000000000000 000001acffad4ef0
0x0000000229fff1e0:   000001acffad4ef0 0000000229fff360
0x0000000229fff1f0:   000001acff5272c8 0000000229fff360
0x0000000229fff200:   ffffffffffffffff 0000000000000001
0x0000000229fff210:   000001acffa9a658 0000000180005f3f
0x0000000229fff220:   000001acffad5218 000001acffad5218
0x0000000229fff230:   0000000000000001 0000000229fff250
0x0000000229fff240:   000001ac00000001 000001acffffffff
0x0000000229fff250:   0000000229fff340 0000000229fff360
0x0000000229fff260:   0000000000000014 000001acffad4ef0
0x0000000229fff270:   000001acffad4ef0 0000000000000001
0x0000000229fff280:   000001acff5272d0 000001acffad4ef0
0x0000000229fff290:   0000000229fff910 000001ac8000efc0
0x0000000229fff2a0:   0000ddbe6bde8381 000001acff5272d0
0x0000000229fff2b0:   0000000000000000 0000000229fff910 

Instructions: (pc=0x0000000180005b00)
0x0000000180005a00:   5d c3 cc cc cc cc cc cc cc cc cc cc cc cc cc cc
0x0000000180005a10:   48 89 5c 24 08 4c 89 4c 24 20 44 89 44 24 18 55
0x0000000180005a20:   56 57 41 54 41 55 41 56 41 57 48 83 ec 20 48 8b
0x0000000180005a30:   2a 48 8b 01 33 db 48 8b d5 48 8b f9 44 8b fb 8b
0x0000000180005a40:   f3 ff 90 f8 00 00 00 4c 8d 0d 9e 70 01 00 4c 8b
0x0000000180005a50:   e0 48 8b 07 4c 8d 05 b5 70 01 00 49 8b d4 48 8b
0x0000000180005a60:   cf ff 90 f0 02 00 00 48 8b cf 4c 8b c0 48 85 c0
0x0000000180005a70:   48 8b 07 75 28 ff 90 80 00 00 00 4c 8b 1f 48 8b
0x0000000180005a80:   cf 41 ff 93 88 00 00 00 4c 8b 1f 49 8b d4 48 8b
0x0000000180005a90:   cf 41 ff 93 b8 00 00 00 4c 8b e3 eb 54 48 8b d5
0x0000000180005aa0:   ff 90 20 03 00 00 49 8b d4 48 8b cf 48 63 e8 48
0x0000000180005ab0:   8b 07 ff 90 b8 00 00 00 48 8d 15 51 70 01 00 48
0x0000000180005ac0:   8d 0d 0e 7a 01 00 41 b8 02 00 00 00 e8 6f 62 00
0x0000000180005ad0:   00 85 c0 75 19 85 ed 75 15 e8 c2 5e 00 00 48 8d
0x0000000180005ae0:   15 23 7a 01 00 48 8d 48 60 e8 3a 5d 00 00 4c 8b
0x0000000180005af0:   e5 8b ac 24 88 00 00 00 44 8b ac 24 80 00 00 00
0x0000000180005b00:   45 8b 74 24 08 41 89 5c 24 08 41 8b fd 85 ed 78
0x0000000180005b10:   09 ff 15 e9 14 01 00 44 8b f8 45 85 ed 7e 4a 90
0x0000000180005b20:   8b c6 ff c6 83 f8 14 7d 40 85 ed 78 0d ff 15 cd
0x0000000180005b30:   14 01 00 41 2b c7 3b c5 7d 2f 8b 4c 24 70 48 63
0x0000000180005b40:   d3 44 8b c7 48 03 54 24 78 e8 a2 31 00 00 85 c0
0x0000000180005b50:   78 33 74 06 03 d8 2b f8 eb 0a b9 e8 03 00 00 e8
0x0000000180005b60:   1c 1c 00 00 41 3b dd 7c b7 8b c3 45 89 74 24 08
0x0000000180005b70:   48 8b 5c 24 60 48 83 c4 20 41 5f 41 5e 41 5d 41
0x0000000180005b80:   5c 5f 5e 5d c3 e8 1e 61 00 00 83 38 04 74 05 e8
0x0000000180005b90:   14 61 00 00 83 c8 ff eb d2 cc cc cc cc cc cc cc
0x0000000180005ba0:   40 53 55 56 57 41 54 41 55 48 81 ec b8 00 00 00
0x0000000180005bb0:   48 8b 05 71 85 01 00 48 33 c4 48 89 84 24 a0 00
0x0000000180005bc0:   00 00 48 8b 01 45 8b e9 41 8b f8 48 8b f2 48 8b
0x0000000180005bd0:   d9 ff 90 f8 00 00 00 4c 8b 13 4c 8d 0d 33 6f 01
0x0000000180005be0:   00 4c 8d 05 7c 6f 01 00 48 8b d0 48 8b cb 4c 8b
0x0000000180005bf0:   e0 41 ff 92 f0 02 00 00 33 ed 48 8b cb 4c 8b c0 


Stack slot to memory mapping:
stack at sp + 0 slots: 0x0 is NULL
stack at sp + 1 slots: 0x0 is NULL
stack at sp + 2 slots: 0x0 is NULL
stack at sp + 3 slots: 0x000001acffad4ef0 is a thread
stack at sp + 4 slots: 0x000001acffad4ef0 is a thread
stack at sp + 5 slots: 0x0000000229fff360 is pointing into the stack for thread: 0x000001acffad4ef0
stack at sp + 6 slots: 0x000001acff5272c8 is pointing into metadata
stack at sp + 7 slots: 0x0000000229fff360 is pointing into the stack for thread: 0x000001acffad4ef0


---------------  P R O C E S S  ---------------

Threads class SMR info:
_java_thread_list=0x000001acffa5a280, length=13, elements={
0x000001acff1091f0, 0x000001acff9191c0, 0x000001acff92e710, 0x000001acff9310e0,
0x000001acff931b90, 0x000001acff934980, 0x000001acff936530, 0x000001acff93b440,
0x000001acffa5d800, 0x000001acffab5510, 0x000001acffad6590, 0x000001acffad4ef0,
0x000001aceea396b0
}

Java Threads: ( => current thread )
  0x000001acff1091f0 JavaThread "Reference Handler" daemon [_thread_blocked, id=9264, stack(0x0000000229300000,0x0000000229400000)]
  0x000001acff9191c0 JavaThread "Finalizer" daemon [_thread_blocked, id=4324, stack(0x0000000229400000,0x0000000229500000)]
  0x000001acff92e710 JavaThread "Signal Dispatcher" daemon [_thread_blocked, id=17592, stack(0x0000000229500000,0x0000000229600000)]
  0x000001acff9310e0 JavaThread "Attach Listener" daemon [_thread_blocked, id=18488, stack(0x0000000229600000,0x0000000229700000)]
  0x000001acff931b90 JavaThread "Service Thread" daemon [_thread_blocked, id=2208, stack(0x0000000229700000,0x0000000229800000)]
  0x000001acff934980 JavaThread "C2 CompilerThread0" daemon [_thread_blocked, id=19304, stack(0x0000000229800000,0x0000000229900000)]
  0x000001acff936530 JavaThread "C1 CompilerThread0" daemon [_thread_blocked, id=18072, stack(0x0000000229900000,0x0000000229a00000)]
  0x000001acff93b440 JavaThread "Sweeper thread" daemon [_thread_blocked, id=18456, stack(0x0000000229a00000,0x0000000229b00000)]
  0x000001acffa5d800 JavaThread "Notification Thread" daemon [_thread_blocked, id=19908, stack(0x0000000229b00000,0x0000000229c00000)]
  0x000001acffab5510 JavaThread "Common-Cleaner" daemon [_thread_blocked, id=14356, stack(0x0000000229d00000,0x0000000229e00000)]
  0x000001acffad6590 JavaThread "Thread-0" [_thread_in_native, id=11784, stack(0x0000000229e00000,0x0000000229f00000)]
=>0x000001acffad4ef0 JavaThread "Thread-1" [_thread_in_native, id=1728, stack(0x0000000229f00000,0x000000022a000000)]
  0x000001aceea396b0 JavaThread "DestroyJavaVM" [_thread_blocked, id=13972, stack(0x0000000228c00000,0x0000000228d00000)]

Other Threads:
  0x000001acff106970 VMThread "VM Thread" [stack: 0x0000000229200000,0x0000000229300000] [id=20424]
  0x000001acffa950f0 WatcherThread [stack: 0x0000000229c00000,0x0000000229d00000] [id=2696]
  0x000001aceea86df0 GCTaskThread "GC Thread#0" [stack: 0x0000000228d00000,0x0000000228e00000] [id=19460]
  0x000001aceea99110 ConcurrentGCThread "G1 Main Marker" [stack: 0x0000000228e00000,0x0000000228f00000] [id=7040]
  0x000001aceea99d00 ConcurrentGCThread "G1 Conc#0" [stack: 0x0000000228f00000,0x0000000229000000] [id=12668]
  0x000001aceeaf2c00 ConcurrentGCThread "G1 Refine#0" [stack: 0x0000000229000000,0x0000000229100000] [id=6828]
  0x000001acfef92d70 ConcurrentGCThread "G1 Young RemSet Sampling" [stack: 0x0000000229100000,0x0000000229200000] [id=10464]

Threads with active compile tasks:

VM state: not at safepoint (normal execution)

VM Mutex/Monitor currently owned by a thread: None

Heap address: 0x0000000702400000, size: 4060 MB, Compressed Oops mode: Zero based, Oop shift amount: 3
CDS archive(s) mapped at: [0x0000000800000000-0x0000000800b50000-0x0000000800b50000), size 11862016, SharedBaseAddress: 0x0000000800000000, ArchiveRelocationMode: 0.
Compressed class space mapped at: 0x0000000800b50000-0x0000000840b50000, size: 1073741824
Narrow klass base: 0x0000000800000000, Narrow klass shift: 3, Narrow klass range: 0x100000000

GC Precious Log:
 CPUs: 8 total, 8 available
 Memory: 16238M
 Large Page Support: Disabled
 NUMA Support: Disabled
 Compressed Oops: Enabled (Zero based)
 Heap Region Size: 2M
 Heap Min Capacity: 8M
 Heap Initial Capacity: 254M
 Heap Max Capacity: 4060M
 Pre-touch: Disabled
 Parallel Workers: 8
 Concurrent Workers: 2
 Concurrent Refinement Workers: 8
 Periodic GC: Disabled

Heap:
 garbage-first heap   total 260096K, used 2048K [0x0000000702400000, 0x0000000800000000)
  region size 2048K, 2 young (4096K), 0 survivors (0K)
 Metaspace       used 417K, capacity 4664K, committed 4864K, reserved 1056768K
  class space    used 28K, capacity 424K, committed 512K, reserved 1048576K

Heap Regions: E=young(eden), S=young(survivor), O=old, HS=humongous(starts), HC=humongous(continues), CS=collection set, F=free, OA=open archive, CA=closed archive, TAMS=top-at-mark-start (previous, next)
|   0|0x0000000702400000, 0x0000000702400000, 0x0000000702600000|  0%| F|  |TAMS 0x0000000702400000, 0x0000000702400000| Untracked 
|   1|0x0000000702600000, 0x0000000702600000, 0x0000000702800000|  0%| F|  |TAMS 0x0000000702600000, 0x0000000702600000| Untracked 
|   2|0x0000000702800000, 0x0000000702800000, 0x0000000702a00000|  0%| F|  |TAMS 0x0000000702800000, 0x0000000702800000| Untracked 
|   3|0x0000000702a00000, 0x0000000702a00000, 0x0000000702c00000|  0%| F|  |TAMS 0x0000000702a00000, 0x0000000702a00000| Untracked 
|   4|0x0000000702c00000, 0x0000000702c00000, 0x0000000702e00000|  0%| F|  |TAMS 0x0000000702c00000, 0x0000000702c00000| Untracked 
|   5|0x0000000702e00000, 0x0000000702e00000, 0x0000000703000000|  0%| F|  |TAMS 0x0000000702e00000, 0x0000000702e00000| Untracked 
|   6|0x0000000703000000, 0x0000000703000000, 0x0000000703200000|  0%| F|  |TAMS 0x0000000703000000, 0x0000000703000000| Untracked 
|   7|0x0000000703200000, 0x0000000703200000, 0x0000000703400000|  0%| F|  |TAMS 0x0000000703200000, 0x0000000703200000| Untracked 
|   8|0x0000000703400000, 0x0000000703400000, 0x0000000703600000|  0%| F|  |TAMS 0x0000000703400000, 0x0000000703400000| Untracked 
|   9|0x0000000703600000, 0x0000000703600000, 0x0000000703800000|  0%| F|  |TAMS 0x0000000703600000, 0x0000000703600000| Untracked 
|  10|0x0000000703800000, 0x0000000703800000, 0x0000000703a00000|  0%| F|  |TAMS 0x0000000703800000, 0x0000000703800000| Untracked 
|  11|0x0000000703a00000, 0x0000000703a00000, 0x0000000703c00000|  0%| F|  |TAMS 0x0000000703a00000, 0x0000000703a00000| Untracked 
|  12|0x0000000703c00000, 0x0000000703c00000, 0x0000000703e00000|  0%| F|  |TAMS 0x0000000703c00000, 0x0000000703c00000| Untracked 
|  13|0x0000000703e00000, 0x0000000703e00000, 0x0000000704000000|  0%| F|  |TAMS 0x0000000703e00000, 0x0000000703e00000| Untracked 
|  14|0x0000000704000000, 0x0000000704000000, 0x0000000704200000|  0%| F|  |TAMS 0x0000000704000000, 0x0000000704000000| Untracked 
|  15|0x0000000704200000, 0x0000000704200000, 0x0000000704400000|  0%| F|  |TAMS 0x0000000704200000, 0x0000000704200000| Untracked 
|  16|0x0000000704400000, 0x0000000704400000, 0x0000000704600000|  0%| F|  |TAMS 0x0000000704400000, 0x0000000704400000| Untracked 
|  17|0x0000000704600000, 0x0000000704600000, 0x0000000704800000|  0%| F|  |TAMS 0x0000000704600000, 0x0000000704600000| Untracked 
|  18|0x0000000704800000, 0x0000000704800000, 0x0000000704a00000|  0%| F|  |TAMS 0x0000000704800000, 0x0000000704800000| Untracked 
|  19|0x0000000704a00000, 0x0000000704a00000, 0x0000000704c00000|  0%| F|  |TAMS 0x0000000704a00000, 0x0000000704a00000| Untracked 
|  20|0x0000000704c00000, 0x0000000704c00000, 0x0000000704e00000|  0%| F|  |TAMS 0x0000000704c00000, 0x0000000704c00000| Untracked 
|  21|0x0000000704e00000, 0x0000000704e00000, 0x0000000705000000|  0%| F|  |TAMS 0x0000000704e00000, 0x0000000704e00000| Untracked 
|  22|0x0000000705000000, 0x0000000705000000, 0x0000000705200000|  0%| F|  |TAMS 0x0000000705000000, 0x0000000705000000| Untracked 
|  23|0x0000000705200000, 0x0000000705200000, 0x0000000705400000|  0%| F|  |TAMS 0x0000000705200000, 0x0000000705200000| Untracked 
|  24|0x0000000705400000, 0x0000000705400000, 0x0000000705600000|  0%| F|  |TAMS 0x0000000705400000, 0x0000000705400000| Untracked 
|  25|0x0000000705600000, 0x0000000705600000, 0x0000000705800000|  0%| F|  |TAMS 0x0000000705600000, 0x0000000705600000| Untracked 
|  26|0x0000000705800000, 0x0000000705800000, 0x0000000705a00000|  0%| F|  |TAMS 0x0000000705800000, 0x0000000705800000| Untracked 
|  27|0x0000000705a00000, 0x0000000705a00000, 0x0000000705c00000|  0%| F|  |TAMS 0x0000000705a00000, 0x0000000705a00000| Untracked 
|  28|0x0000000705c00000, 0x0000000705c00000, 0x0000000705e00000|  0%| F|  |TAMS 0x0000000705c00000, 0x0000000705c00000| Untracked 
|  29|0x0000000705e00000, 0x0000000705e00000, 0x0000000706000000|  0%| F|  |TAMS 0x0000000705e00000, 0x0000000705e00000| Untracked 
|  30|0x0000000706000000, 0x0000000706000000, 0x0000000706200000|  0%| F|  |TAMS 0x0000000706000000, 0x0000000706000000| Untracked 
|  31|0x0000000706200000, 0x0000000706200000, 0x0000000706400000|  0%| F|  |TAMS 0x0000000706200000, 0x0000000706200000| Untracked 
|  32|0x0000000706400000, 0x0000000706400000, 0x0000000706600000|  0%| F|  |TAMS 0x0000000706400000, 0x0000000706400000| Untracked 
|  33|0x0000000706600000, 0x0000000706600000, 0x0000000706800000|  0%| F|  |TAMS 0x0000000706600000, 0x0000000706600000| Untracked 
|  34|0x0000000706800000, 0x0000000706800000, 0x0000000706a00000|  0%| F|  |TAMS 0x0000000706800000, 0x0000000706800000| Untracked 
|  35|0x0000000706a00000, 0x0000000706a00000, 0x0000000706c00000|  0%| F|  |TAMS 0x0000000706a00000, 0x0000000706a00000| Untracked 
|  36|0x0000000706c00000, 0x0000000706c00000, 0x0000000706e00000|  0%| F|  |TAMS 0x0000000706c00000, 0x0000000706c00000| Untracked 
|  37|0x0000000706e00000, 0x0000000706e00000, 0x0000000707000000|  0%| F|  |TAMS 0x0000000706e00000, 0x0000000706e00000| Untracked 
|  38|0x0000000707000000, 0x0000000707000000, 0x0000000707200000|  0%| F|  |TAMS 0x0000000707000000, 0x0000000707000000| Untracked 
|  39|0x0000000707200000, 0x0000000707200000, 0x0000000707400000|  0%| F|  |TAMS 0x0000000707200000, 0x0000000707200000| Untracked 
|  40|0x0000000707400000, 0x0000000707400000, 0x0000000707600000|  0%| F|  |TAMS 0x0000000707400000, 0x0000000707400000| Untracked 
|  41|0x0000000707600000, 0x0000000707600000, 0x0000000707800000|  0%| F|  |TAMS 0x0000000707600000, 0x0000000707600000| Untracked 
|  42|0x0000000707800000, 0x0000000707800000, 0x0000000707a00000|  0%| F|  |TAMS 0x0000000707800000, 0x0000000707800000| Untracked 
|  43|0x0000000707a00000, 0x0000000707a00000, 0x0000000707c00000|  0%| F|  |TAMS 0x0000000707a00000, 0x0000000707a00000| Untracked 
|  44|0x0000000707c00000, 0x0000000707c00000, 0x0000000707e00000|  0%| F|  |TAMS 0x0000000707c00000, 0x0000000707c00000| Untracked 
|  45|0x0000000707e00000, 0x0000000707e00000, 0x0000000708000000|  0%| F|  |TAMS 0x0000000707e00000, 0x0000000707e00000| Untracked 
|  46|0x0000000708000000, 0x0000000708000000, 0x0000000708200000|  0%| F|  |TAMS 0x0000000708000000, 0x0000000708000000| Untracked 
|  47|0x0000000708200000, 0x0000000708200000, 0x0000000708400000|  0%| F|  |TAMS 0x0000000708200000, 0x0000000708200000| Untracked 
|  48|0x0000000708400000, 0x0000000708400000, 0x0000000708600000|  0%| F|  |TAMS 0x0000000708400000, 0x0000000708400000| Untracked 
|  49|0x0000000708600000, 0x0000000708600000, 0x0000000708800000|  0%| F|  |TAMS 0x0000000708600000, 0x0000000708600000| Untracked 
|  50|0x0000000708800000, 0x0000000708800000, 0x0000000708a00000|  0%| F|  |TAMS 0x0000000708800000, 0x0000000708800000| Untracked 
|  51|0x0000000708a00000, 0x0000000708a00000, 0x0000000708c00000|  0%| F|  |TAMS 0x0000000708a00000, 0x0000000708a00000| Untracked 
|  52|0x0000000708c00000, 0x0000000708c00000, 0x0000000708e00000|  0%| F|  |TAMS 0x0000000708c00000, 0x0000000708c00000| Untracked 
|  53|0x0000000708e00000, 0x0000000708e00000, 0x0000000709000000|  0%| F|  |TAMS 0x0000000708e00000, 0x0000000708e00000| Untracked 
|  54|0x0000000709000000, 0x0000000709000000, 0x0000000709200000|  0%| F|  |TAMS 0x0000000709000000, 0x0000000709000000| Untracked 
|  55|0x0000000709200000, 0x0000000709200000, 0x0000000709400000|  0%| F|  |TAMS 0x0000000709200000, 0x0000000709200000| Untracked 
|  56|0x0000000709400000, 0x0000000709400000, 0x0000000709600000|  0%| F|  |TAMS 0x0000000709400000, 0x0000000709400000| Untracked 
|  57|0x0000000709600000, 0x0000000709600000, 0x0000000709800000|  0%| F|  |TAMS 0x0000000709600000, 0x0000000709600000| Untracked 
|  58|0x0000000709800000, 0x0000000709800000, 0x0000000709a00000|  0%| F|  |TAMS 0x0000000709800000, 0x0000000709800000| Untracked 
|  59|0x0000000709a00000, 0x0000000709a00000, 0x0000000709c00000|  0%| F|  |TAMS 0x0000000709a00000, 0x0000000709a00000| Untracked 
|  60|0x0000000709c00000, 0x0000000709c00000, 0x0000000709e00000|  0%| F|  |TAMS 0x0000000709c00000, 0x0000000709c00000| Untracked 
|  61|0x0000000709e00000, 0x0000000709e00000, 0x000000070a000000|  0%| F|  |TAMS 0x0000000709e00000, 0x0000000709e00000| Untracked 
|  62|0x000000070a000000, 0x000000070a000000, 0x000000070a200000|  0%| F|  |TAMS 0x000000070a000000, 0x000000070a000000| Untracked 
|  63|0x000000070a200000, 0x000000070a200000, 0x000000070a400000|  0%| F|  |TAMS 0x000000070a200000, 0x000000070a200000| Untracked 
|  64|0x000000070a400000, 0x000000070a400000, 0x000000070a600000|  0%| F|  |TAMS 0x000000070a400000, 0x000000070a400000| Untracked 
|  65|0x000000070a600000, 0x000000070a600000, 0x000000070a800000|  0%| F|  |TAMS 0x000000070a600000, 0x000000070a600000| Untracked 
|  66|0x000000070a800000, 0x000000070a800000, 0x000000070aa00000|  0%| F|  |TAMS 0x000000070a800000, 0x000000070a800000| Untracked 
|  67|0x000000070aa00000, 0x000000070aa00000, 0x000000070ac00000|  0%| F|  |TAMS 0x000000070aa00000, 0x000000070aa00000| Untracked 
|  68|0x000000070ac00000, 0x000000070ac00000, 0x000000070ae00000|  0%| F|  |TAMS 0x000000070ac00000, 0x000000070ac00000| Untracked 
|  69|0x000000070ae00000, 0x000000070ae00000, 0x000000070b000000|  0%| F|  |TAMS 0x000000070ae00000, 0x000000070ae00000| Untracked 
|  70|0x000000070b000000, 0x000000070b000000, 0x000000070b200000|  0%| F|  |TAMS 0x000000070b000000, 0x000000070b000000| Untracked 
|  71|0x000000070b200000, 0x000000070b200000, 0x000000070b400000|  0%| F|  |TAMS 0x000000070b200000, 0x000000070b200000| Untracked 
|  72|0x000000070b400000, 0x000000070b400000, 0x000000070b600000|  0%| F|  |TAMS 0x000000070b400000, 0x000000070b400000| Untracked 
|  73|0x000000070b600000, 0x000000070b600000, 0x000000070b800000|  0%| F|  |TAMS 0x000000070b600000, 0x000000070b600000| Untracked 
|  74|0x000000070b800000, 0x000000070b800000, 0x000000070ba00000|  0%| F|  |TAMS 0x000000070b800000, 0x000000070b800000| Untracked 
|  75|0x000000070ba00000, 0x000000070ba00000, 0x000000070bc00000|  0%| F|  |TAMS 0x000000070ba00000, 0x000000070ba00000| Untracked 
|  76|0x000000070bc00000, 0x000000070bc00000, 0x000000070be00000|  0%| F|  |TAMS 0x000000070bc00000, 0x000000070bc00000| Untracked 
|  77|0x000000070be00000, 0x000000070be00000, 0x000000070c000000|  0%| F|  |TAMS 0x000000070be00000, 0x000000070be00000| Untracked 
|  78|0x000000070c000000, 0x000000070c000000, 0x000000070c200000|  0%| F|  |TAMS 0x000000070c000000, 0x000000070c000000| Untracked 
|  79|0x000000070c200000, 0x000000070c200000, 0x000000070c400000|  0%| F|  |TAMS 0x000000070c200000, 0x000000070c200000| Untracked 
|  80|0x000000070c400000, 0x000000070c400000, 0x000000070c600000|  0%| F|  |TAMS 0x000000070c400000, 0x000000070c400000| Untracked 
|  81|0x000000070c600000, 0x000000070c600000, 0x000000070c800000|  0%| F|  |TAMS 0x000000070c600000, 0x000000070c600000| Untracked 
|  82|0x000000070c800000, 0x000000070c800000, 0x000000070ca00000|  0%| F|  |TAMS 0x000000070c800000, 0x000000070c800000| Untracked 
|  83|0x000000070ca00000, 0x000000070ca00000, 0x000000070cc00000|  0%| F|  |TAMS 0x000000070ca00000, 0x000000070ca00000| Untracked 
|  84|0x000000070cc00000, 0x000000070cc00000, 0x000000070ce00000|  0%| F|  |TAMS 0x000000070cc00000, 0x000000070cc00000| Untracked 
|  85|0x000000070ce00000, 0x000000070ce00000, 0x000000070d000000|  0%| F|  |TAMS 0x000000070ce00000, 0x000000070ce00000| Untracked 
|  86|0x000000070d000000, 0x000000070d000000, 0x000000070d200000|  0%| F|  |TAMS 0x000000070d000000, 0x000000070d000000| Untracked 
|  87|0x000000070d200000, 0x000000070d200000, 0x000000070d400000|  0%| F|  |TAMS 0x000000070d200000, 0x000000070d200000| Untracked 
|  88|0x000000070d400000, 0x000000070d400000, 0x000000070d600000|  0%| F|  |TAMS 0x000000070d400000, 0x000000070d400000| Untracked 
|  89|0x000000070d600000, 0x000000070d600000, 0x000000070d800000|  0%| F|  |TAMS 0x000000070d600000, 0x000000070d600000| Untracked 
|  90|0x000000070d800000, 0x000000070d800000, 0x000000070da00000|  0%| F|  |TAMS 0x000000070d800000, 0x000000070d800000| Untracked 
|  91|0x000000070da00000, 0x000000070da00000, 0x000000070dc00000|  0%| F|  |TAMS 0x000000070da00000, 0x000000070da00000| Untracked 
|  92|0x000000070dc00000, 0x000000070dc00000, 0x000000070de00000|  0%| F|  |TAMS 0x000000070dc00000, 0x000000070dc00000| Untracked 
|  93|0x000000070de00000, 0x000000070de00000, 0x000000070e000000|  0%| F|  |TAMS 0x000000070de00000, 0x000000070de00000| Untracked 
|  94|0x000000070e000000, 0x000000070e000000, 0x000000070e200000|  0%| F|  |TAMS 0x000000070e000000, 0x000000070e000000| Untracked 
|  95|0x000000070e200000, 0x000000070e200000, 0x000000070e400000|  0%| F|  |TAMS 0x000000070e200000, 0x000000070e200000| Untracked 
|  96|0x000000070e400000, 0x000000070e400000, 0x000000070e600000|  0%| F|  |TAMS 0x000000070e400000, 0x000000070e400000| Untracked 
|  97|0x000000070e600000, 0x000000070e600000, 0x000000070e800000|  0%| F|  |TAMS 0x000000070e600000, 0x000000070e600000| Untracked 
|  98|0x000000070e800000, 0x000000070e800000, 0x000000070ea00000|  0%| F|  |TAMS 0x000000070e800000, 0x000000070e800000| Untracked 
|  99|0x000000070ea00000, 0x000000070ea00000, 0x000000070ec00000|  0%| F|  |TAMS 0x000000070ea00000, 0x000000070ea00000| Untracked 
| 100|0x000000070ec00000, 0x000000070ec00000, 0x000000070ee00000|  0%| F|  |TAMS 0x000000070ec00000, 0x000000070ec00000| Untracked 
| 101|0x000000070ee00000, 0x000000070ee00000, 0x000000070f000000|  0%| F|  |TAMS 0x000000070ee00000, 0x000000070ee00000| Untracked 
| 102|0x000000070f000000, 0x000000070f000000, 0x000000070f200000|  0%| F|  |TAMS 0x000000070f000000, 0x000000070f000000| Untracked 
| 103|0x000000070f200000, 0x000000070f200000, 0x000000070f400000|  0%| F|  |TAMS 0x000000070f200000, 0x000000070f200000| Untracked 
| 104|0x000000070f400000, 0x000000070f400000, 0x000000070f600000|  0%| F|  |TAMS 0x000000070f400000, 0x000000070f400000| Untracked 
| 105|0x000000070f600000, 0x000000070f600000, 0x000000070f800000|  0%| F|  |TAMS 0x000000070f600000, 0x000000070f600000| Untracked 
| 106|0x000000070f800000, 0x000000070f800000, 0x000000070fa00000|  0%| F|  |TAMS 0x000000070f800000, 0x000000070f800000| Untracked 
| 107|0x000000070fa00000, 0x000000070fa00000, 0x000000070fc00000|  0%| F|  |TAMS 0x000000070fa00000, 0x000000070fa00000| Untracked 
| 108|0x000000070fc00000, 0x000000070fc00000, 0x000000070fe00000|  0%| F|  |TAMS 0x000000070fc00000, 0x000000070fc00000| Untracked 
| 109|0x000000070fe00000, 0x000000070fe00000, 0x0000000710000000|  0%| F|  |TAMS 0x000000070fe00000, 0x000000070fe00000| Untracked 
| 110|0x0000000710000000, 0x0000000710000000, 0x0000000710200000|  0%| F|  |TAMS 0x0000000710000000, 0x0000000710000000| Untracked 
| 111|0x0000000710200000, 0x0000000710200000, 0x0000000710400000|  0%| F|  |TAMS 0x0000000710200000, 0x0000000710200000| Untracked 
| 112|0x0000000710400000, 0x0000000710400000, 0x0000000710600000|  0%| F|  |TAMS 0x0000000710400000, 0x0000000710400000| Untracked 
| 113|0x0000000710600000, 0x0000000710600000, 0x0000000710800000|  0%| F|  |TAMS 0x0000000710600000, 0x0000000710600000| Untracked 
| 114|0x0000000710800000, 0x0000000710800000, 0x0000000710a00000|  0%| F|  |TAMS 0x0000000710800000, 0x0000000710800000| Untracked 
| 115|0x0000000710a00000, 0x0000000710a00000, 0x0000000710c00000|  0%| F|  |TAMS 0x0000000710a00000, 0x0000000710a00000| Untracked 
| 116|0x0000000710c00000, 0x0000000710c00000, 0x0000000710e00000|  0%| F|  |TAMS 0x0000000710c00000, 0x0000000710c00000| Untracked 
| 117|0x0000000710e00000, 0x0000000710e00000, 0x0000000711000000|  0%| F|  |TAMS 0x0000000710e00000, 0x0000000710e00000| Untracked 
| 118|0x0000000711000000, 0x0000000711000000, 0x0000000711200000|  0%| F|  |TAMS 0x0000000711000000, 0x0000000711000000| Untracked 
| 119|0x0000000711200000, 0x0000000711200000, 0x0000000711400000|  0%| F|  |TAMS 0x0000000711200000, 0x0000000711200000| Untracked 
| 120|0x0000000711400000, 0x0000000711400000, 0x0000000711600000|  0%| F|  |TAMS 0x0000000711400000, 0x0000000711400000| Untracked 
| 121|0x0000000711600000, 0x0000000711600000, 0x0000000711800000|  0%| F|  |TAMS 0x0000000711600000, 0x0000000711600000| Untracked 
| 122|0x0000000711800000, 0x0000000711800000, 0x0000000711a00000|  0%| F|  |TAMS 0x0000000711800000, 0x0000000711800000| Untracked 
| 123|0x0000000711a00000, 0x0000000711a00000, 0x0000000711c00000|  0%| F|  |TAMS 0x0000000711a00000, 0x0000000711a00000| Untracked 
| 124|0x0000000711c00000, 0x0000000711c00000, 0x0000000711e00000|  0%| F|  |TAMS 0x0000000711c00000, 0x0000000711c00000| Untracked 
| 125|0x0000000711e00000, 0x0000000711e713a8, 0x0000000712000000| 22%| E|  |TAMS 0x0000000711e00000, 0x0000000711e00000| Complete 
| 126|0x0000000712000000, 0x0000000712200000, 0x0000000712200000|100%| E|CS|TAMS 0x0000000712000000, 0x0000000712000000| Complete 

Card table byte_map: [0x000001acf96a0000,0x000001acf9e90000] _byte_map_base: 0x000001acf5e8e000

Marking Bits (Prev, Next): (CMBitMap*) 0x000001aceea889f0, (CMBitMap*) 0x000001aceea88a30
 Prev Bits: [0x000001acfa680000, 0x000001acfe5f0000)
 Next Bits: [0x000001ac8f000000, 0x000001ac92f70000)

Polling page: 0x000001aceeb00000

Metaspace:

Usage:
  Non-class:      4.14 MB capacity,   389.30 KB (  9%) used,     3.76 MB ( 91%) free+waste,   448 bytes ( <1%) overhead. 
      Class:    424.00 KB capacity,    28.53 KB (  7%) used,   395.09 KB ( 93%) free+waste,   384 bytes ( <1%) overhead. 
       Both:      4.55 MB capacity,   417.83 KB (  9%) used,     4.15 MB ( 91%) free+waste,   832 bytes ( <1%) overhead. 

Virtual space:
  Non-class space:        8.00 MB reserved,       4.25 MB ( 53%) committed 
      Class space:        1.00 GB reserved,     512.00 KB ( <1%) committed 
             Both:        1.01 GB reserved,       4.75 MB ( <1%) committed 

Chunk freelists:
   Non-Class:  48.00 KB
       Class:  24.00 KB
        Both:  72.00 KB

MaxMetaspaceSize: 17179869184.00 GB
CompressedClassSpaceSize: 1.00 GB

CodeHeap 'non-profiled nmethods': size=120000Kb used=27Kb max_used=27Kb free=119973Kb
 bounds [0x000001ac87ad0000, 0x000001ac87d40000, 0x000001ac8f000000]
CodeHeap 'profiled nmethods': size=120000Kb used=182Kb max_used=182Kb free=119817Kb
 bounds [0x000001ac805a0000, 0x000001ac80810000, 0x000001ac87ad0000]
CodeHeap 'non-nmethods': size=5760Kb used=1074Kb max_used=1088Kb free=4685Kb
 bounds [0x000001ac80000000, 0x000001ac80270000, 0x000001ac805a0000]
 total_blobs=437 nmethods=136 adapters=214
 compilation: enabled
              stopped_count=0, restarted_count=0
 full_count=0

Compilation events (20 events):
Event: 0.314 Thread 0x000001acff936530  123       3       java.lang.StringLatin1::indexOf (25 bytes)
Event: 0.315 Thread 0x000001acff936530 nmethod 123 0x000001ac805c9e90 code [0x000001ac805ca040, 0x000001ac805ca208]
Event: 0.326 Thread 0x000001acff936530  127       3       java.util.zip.ZipUtils::LG (22 bytes)
Event: 0.326 Thread 0x000001acff936530 nmethod 127 0x000001ac805ca310 code [0x000001ac805ca4c0, 0x000001ac805ca718]
Event: 0.327 Thread 0x000001acff936530  128       3       java.lang.String::lastIndexOf (29 bytes)
Event: 0.328 Thread 0x000001acff936530 nmethod 128 0x000001ac805ca890 code [0x000001ac805caa60, 0x000001ac805cacf8]
Event: 0.328 Thread 0x000001acff936530  129       3       java.util.concurrent.ConcurrentHashMap::get (162 bytes)
Event: 0.329 Thread 0x000001acff936530 nmethod 129 0x000001ac805cae10 code [0x000001ac805cb040, 0x000001ac805cbae8]
Event: 0.330 Thread 0x000001acff936530  130       3       java.lang.String::lastIndexOf (12 bytes)
Event: 0.331 Thread 0x000001acff936530 nmethod 130 0x000001ac805cbe10 code [0x000001ac805cc000, 0x000001ac805cc3f8]
Event: 0.331 Thread 0x000001acff936530  131       3       java.lang.StringLatin1::inflate (34 bytes)
Event: 0.332 Thread 0x000001acff936530 nmethod 131 0x000001ac805cc590 code [0x000001ac805cc740, 0x000001ac805cc938]
Event: 0.333 Thread 0x000001acff936530  132       3       java.lang.StringUTF16::compress (50 bytes)
Event: 0.334 Thread 0x000001acff936530 nmethod 132 0x000001ac805cca90 code [0x000001ac805ccc40, 0x000001ac805cce78]
Event: 0.346 Thread 0x000001acff936530  133       3       java.lang.Math::max (11 bytes)
Event: 0.346 Thread 0x000001acff936530 nmethod 133 0x000001ac805cd010 code [0x000001ac805cd1a0, 0x000001ac805cd2d8]
Event: 0.349 Thread 0x000001acff936530  134       3       jdk.internal.misc.Unsafe::putReferenceRelease (9 bytes)
Event: 0.350 Thread 0x000001acff936530 nmethod 134 0x000001ac805cd390 code [0x000001ac805cd520, 0x000001ac805cd678]
Event: 0.350 Thread 0x000001acff936530  136       3       java.util.concurrent.ConcurrentHashMap::setTabAt (20 bytes)
Event: 0.350 Thread 0x000001acff936530 nmethod 136 0x000001ac805cd710 code [0x000001ac805cd8c0, 0x000001ac805cdae8]

GC Heap History (0 events):
No events

Deoptimization events (0 events):
No events

Classes unloaded (0 events):
No events

Classes redefined (0 events):
No events

Internal exceptions (4 events):
Event: 0.118 Thread 0x000001aceea396b0 Exception <a 'java/io/FileNotFoundException'{0x0000000712152818}> (0x0000000712152818) 
thrown [./open/src/hotspot/share/prims/jni.cpp, line 578]
Event: 0.213 Thread 0x000001aceea396b0 Exception <a 'java/io/FileNotFoundException'{0x00000007121644f8}> (0x00000007121644f8) 
thrown [./open/src/hotspot/share/prims/jni.cpp, line 578]
Event: 0.220 Thread 0x000001aceea396b0 Exception <a 'java/io/FileNotFoundException'{0x0000000712176670}> (0x0000000712176670) 
thrown [./open/src/hotspot/share/prims/jni.cpp, line 578]
Event: 0.312 Thread 0x000001aceea396b0 Exception <a 'java/io/FileNotFoundException'{0x0000000712187d70}> (0x0000000712187d70) 
thrown [./open/src/hotspot/share/prims/jni.cpp, line 578]

Events (20 events):
Event: 0.089 Executing VM operation: HandshakeAllThreads done
Event: 0.096 Loaded shared library C:\Program Files\Java\jdk-15.0.1\bin\verify.dll
Event: 0.099 loading class java/lang/InterruptedException
Event: 0.099 loading class java/lang/InterruptedException done
Event: 0.106 Executing VM operation: HandshakeAllThreads
Event: 0.106 Executing VM operation: HandshakeAllThreads done
Event: 0.113 Loaded shared library C:\Users\Volteo\Downloads\edgedriver_win64\rxtxSerial.dll
Event: 0.118 loading class java/io/FileNotFoundException
Event: 0.118 loading class java/io/IOException
Event: 0.118 loading class java/io/IOException done
Event: 0.118 loading class java/io/FileNotFoundException done
Event: 0.324 loading class java/util/TooManyListenersException
Event: 0.324 loading class java/util/TooManyListenersException done
Event: 0.329 loading class java/lang/NumberFormatException
Event: 0.329 loading class java/lang/NumberFormatException done
Event: 0.336 loading class java/lang/IndexOutOfBoundsException
Event: 0.336 loading class java/lang/IndexOutOfBoundsException done
Event: 0.339 Thread 0x000001acffad6590 Thread added: 0x000001acffad6590
Event: 0.351 Thread 0x000001acffad4ef0 Thread added: 0x000001acffad4ef0
Event: 0.352 Thread 0x000001aceea396b0 Thread exited: 0x000001aceea396b0


Dynamic libraries:
0x00007ff709490000 - 0x00007ff70949f000 	C:\Program Files\Java\jdk-15.0.1\bin\java.exe
0x00007ff915080000 - 0x00007ff915270000 	C:\WINDOWS\SYSTEM32\ntdll.dll
0x00007ff914700000 - 0x00007ff9147b2000 	C:\WINDOWS\System32\KERNEL32.DLL
0x00007ff911ff0000 - 0x00007ff912295000 	C:\WINDOWS\System32\KERNELBASE.dll
0x00007ff912a60000 - 0x00007ff912b5a000 	C:\WINDOWS\System32\ucrtbase.dll
0x00007ff8ddab0000 - 0x00007ff8ddac9000 	C:\Program Files\Java\jdk-15.0.1\bin\VCRUNTIME140.dll
0x00007ff9074e0000 - 0x00007ff9074f8000 	C:\Program Files\Java\jdk-15.0.1\bin\jli.dll
0x00007ff913940000 - 0x00007ff9139e3000 	C:\WINDOWS\System32\ADVAPI32.dll
0x00007ff914250000 - 0x00007ff9142ee000 	C:\WINDOWS\System32\msvcrt.dll
0x00007ff9138a0000 - 0x00007ff913937000 	C:\WINDOWS\System32\sechost.dll
0x00007ff913de0000 - 0x00007ff913f00000 	C:\WINDOWS\System32\RPCRT4.dll
0x00007ff914d60000 - 0x00007ff914ef4000 	C:\WINDOWS\System32\USER32.dll
0x00007ff913050000 - 0x00007ff913071000 	C:\WINDOWS\System32\win32u.dll
0x00007ff8f9440000 - 0x00007ff8f96c4000 	C:\WINDOWS\WinSxS\amd64_microsoft.windows.common-controls_6595b64144ccf1df_6.0.18362.1256_none_9e7e379be45e40e2\COMCTL32.dll
0x00007ff9146d0000 - 0x00007ff9146f6000 	C:\WINDOWS\System32\GDI32.dll
0x00007ff914390000 - 0x00007ff9146c6000 	C:\WINDOWS\System32\combase.dll
0x00007ff912d40000 - 0x00007ff912ed6000 	C:\WINDOWS\System32\gdi32full.dll
0x00007ff912c00000 - 0x00007ff912c81000 	C:\WINDOWS\System32\bcryptPrimitives.dll
0x00007ff912b60000 - 0x00007ff912bfe000 	C:\WINDOWS\System32\msvcp_win.dll
0x00007ff90b630000 - 0x00007ff90b63a000 	C:\WINDOWS\SYSTEM32\VERSION.dll
0x00007ff913a10000 - 0x00007ff913a3e000 	C:\WINDOWS\System32\IMM32.DLL
0x00007ff8fdce0000 - 0x00007ff8fdcec000 	C:\Program Files\Java\jdk-15.0.1\bin\vcruntime140_1.dll
0x00007ff8bb8d0000 - 0x00007ff8bb961000 	C:\Program Files\Java\jdk-15.0.1\bin\msvcp140.dll
0x00007ff8bad70000 - 0x00007ff8bb8ce000 	C:\Program Files\Java\jdk-15.0.1\bin\server\jvm.dll
0x00007ff914370000 - 0x00007ff914378000 	C:\WINDOWS\System32\PSAPI.DLL
0x00007ff8f9890000 - 0x00007ff8f9899000 	C:\WINDOWS\SYSTEM32\WSOCK32.dll
0x00007ff90e5c0000 - 0x00007ff90e5e4000 	C:\WINDOWS\SYSTEM32\WINMM.dll
0x00007ff913af0000 - 0x00007ff913b5f000 	C:\WINDOWS\System32\WS2_32.dll
0x00007ff90e140000 - 0x00007ff90e16d000 	C:\WINDOWS\SYSTEM32\winmmbase.dll
0x00007ff9130e0000 - 0x00007ff91312a000 	C:\WINDOWS\System32\cfgmgr32.dll
0x00007ff911fb0000 - 0x00007ff911fc1000 	C:\WINDOWS\System32\kernel.appcore.dll
0x00007ff8fce90000 - 0x00007ff8fce9a000 	C:\Program Files\Java\jdk-15.0.1\bin\jimage.dll
0x00007ff90f740000 - 0x00007ff90f934000 	C:\WINDOWS\SYSTEM32\DBGHELP.DLL
0x00007ff8f9310000 - 0x00007ff8f933a000 	C:\WINDOWS\SYSTEM32\dbgcore.DLL
0x00007ff8bbe10000 - 0x00007ff8bbe35000 	C:\Program Files\Java\jdk-15.0.1\bin\java.dll
0x00007ff913130000 - 0x00007ff913817000 	C:\WINDOWS\System32\SHELL32.dll
0x00007ff913a40000 - 0x00007ff913ae9000 	C:\WINDOWS\System32\shcore.dll
0x00007ff9122a0000 - 0x00007ff912a21000 	C:\WINDOWS\System32\windows.storage.dll
0x00007ff911f30000 - 0x00007ff911f53000 	C:\WINDOWS\System32\profapi.dll
0x00007ff911f60000 - 0x00007ff911faa000 	C:\WINDOWS\System32\powrprof.dll
0x00007ff911f20000 - 0x00007ff911f30000 	C:\WINDOWS\System32\UMPDC.dll
0x00007ff9141f0000 - 0x00007ff914242000 	C:\WINDOWS\System32\shlwapi.dll
0x00007ff913030000 - 0x00007ff913047000 	C:\WINDOWS\System32\cryptsp.dll
0x00007ff8bab40000 - 0x00007ff8bab59000 	C:\Program Files\Java\jdk-15.0.1\bin\net.dll
0x00007ff90fd00000 - 0x00007ff90fdf0000 	C:\WINDOWS\SYSTEM32\WINHTTP.dll
0x00007ff911770000 - 0x00007ff9117d7000 	C:\WINDOWS\system32\mswsock.dll
0x00007ff8bab20000 - 0x00007ff8bab32000 	C:\Program Files\Java\jdk-15.0.1\bin\nio.dll
0x00007ff8bab00000 - 0x00007ff8bab18000 	C:\Program Files\Java\jdk-15.0.1\bin\zip.dll
0x00007ff907730000 - 0x00007ff907740000 	C:\Program Files\Java\jdk-15.0.1\bin\verify.dll
0x0000000180000000 - 0x0000000180025000 	C:\Users\Volteo\Downloads\edgedriver_win64\rxtxSerial.dll

dbghelp: loaded successfully - version: 4.0.5 - missing functions: none
symbol engine: initialized successfully - sym options: 0x614 - pdb path: .;C:\Program Files\Java\jdk-15.0.1\bin;C:\WINDOWS\SYSTEM32;C:\WINDOWS\WinSxS\amd64_microsoft.windows.common-controls_6595b64144ccf1df_6.0.18362.1256_none_9e7e379be45e40e2;C:\Program Files\Java\jdk-15.0.1\bin\server;C:\Users\Volteo\Downloads\edgedriver_win64

VM Arguments:
java_command: RXTX.Main
java_class_path (initial): C:\Users\Volteo\Documents\NetBeansProjects\RXTX\build\distributions\RXTX\lib\RXTX.jar;C:\Users\Volteo\Documents\NetBeansProjects\RXTX\build\distributions\RXTX\lib\RXTXcomm.jar;C:\Users\Volteo\Documents\NetBeansProjects\RXTX\build\distributions\RXTX\lib\rxtxParallel.dll;C:\Users\Volteo\Documents\NetBeansProjects\RXTX\build\distributions\RXTX\lib\rxtxSerial.dll
Launcher Type: SUN_STANDARD

[Global flags]
     intx CICompilerCount                          = 4                                         {product} {ergonomic}
     uint ConcGCThreads                            = 2                                         {product} {ergonomic}
     uint G1ConcRefinementThreads                  = 8                                         {product} {ergonomic}
   size_t G1HeapRegionSize                         = 2097152                                   {product} {ergonomic}
    uintx GCDrainStackTargetSize                   = 64                                        {product} {ergonomic}
   size_t InitialHeapSize                          = 266338304                                 {product} {ergonomic}
   size_t MarkStackSize                            = 4194304                                   {product} {ergonomic}
   size_t MaxHeapSize                              = 4257218560                                {product} {ergonomic}
   size_t MaxNewSize                               = 2554331136                                {product} {ergonomic}
   size_t MinHeapDeltaBytes                        = 2097152                                   {product} {ergonomic}
   size_t MinHeapSize                              = 8388608                                   {product} {ergonomic}
    uintx NonNMethodCodeHeapSize                   = 5839372                                {pd product} {ergonomic}
    uintx NonProfiledCodeHeapSize                  = 122909434                              {pd product} {ergonomic}
    uintx ProfiledCodeHeapSize                     = 122909434                              {pd product} {ergonomic}
    uintx ReservedCodeCacheSize                    = 251658240                              {pd product} {ergonomic}
     bool SegmentedCodeCache                       = true                                      {product} {ergonomic}
   size_t SoftMaxHeapSize                          = 4257218560                             {manageable} {ergonomic}
     bool UseCompressedClassPointers               = true                                 {lp64_product} {ergonomic}
     bool UseCompressedOops                        = true                                 {lp64_product} {ergonomic}
     bool UseG1GC                                  = true                                      {product} {ergonomic}
     bool UseLargePagesIndividualAllocation        = false                                  {pd product} {ergonomic}

Logging:
Log output configuration:
 #0: stdout all=warning uptime,level,tags
 #1: stderr all=off uptime,level,tags

Environment Variables:
JAVA_HOME=C:\Program Files\Java\jdk-15.0.1
CLASSPATH=C:\Users\Volteo\Documents\NetBeansProjects\RXTX\build\distributions\RXTX\lib\RXTX.jar;C:\Users\Volteo\Documents\NetBeansProjects\RXTX\build\distributions\RXTX\lib\RXTXcomm.jar;C:\Users\Volteo\Documents\NetBeansProjects\RXTX\build\distributions\RXTX\lib\rxtxParallel.dll;C:\Users\Volteo\Documents\NetBeansProjects\RXTX\build\distributions\RXTX\lib\rxtxSerial.dll
PATH=C:\Program Files\Intel\iCLS Client\;C:\WINDOWS\system32;C:\WINDOWS;C:\WINDOWS\System32\Wbem;C:\WINDOWS\System32\WindowsPowerShell\v1.0\;C:\Program Files (x86)\Intel\Intel(R) Management Engine Components\DAL;C:\Program Files\Intel\Intel(R) Management Engine Components\DAL;C:\Program Files (x86)\Intel\Intel(R) Management Engine Components\IPT;C:\Program Files\Intel\Intel(R) Management Engine Components\IPT;C:\WINDOWS\System32\OpenSSH\;C:\Program Files\Git\cmd;C:\Program Files\Git\mingw64\bin;C:\Program Files\Git\usr\bin;C:\Program Files\Intel\WiFi\bin\;C:\Program Files\Common Files\Intel\WirelessCommon\;C:\Program Files\Microsoft SQL Server\Client SDK\ODBC\170\Tools\Binn\;C:\Program Files (x86)\Microsoft SQL Server\150\Tools\Binn\;C:\Program Files\Microsoft SQL Server\150\Tools\Binn\;C:\Program Files\Microsoft SQL Server\150\DTS\Binn\;C:\Program Files (x86)\Microsoft SQL Server\150\DTS\Binn\;C:\Users\Volteo\Downloads\edgedriver_win64\;C:\ProgramData\chocolatey\bin;C:\Program Files\dotnet\;C:\Program Files (x86)\Yarn\bin\;C:\Program Files\Java\jdk-15.0.1\bin;C:\Program Files (x86)\WiX Toolset v3.11\bin;C:\Program Files (x86)\Inno Setup 6;C:\Users\Volteo\AppData\Local\Microsoft\WindowsApps;C:\Users\Volteo\Downloads\nodev12;C:\Users\Volteo\AppData\Local\Programs\Microsoft VS Code\bin;C:\Users\Volteo\Downloads\mongodb-win32-x86_64-2012plus-4.2.0\mongodb-win32-x86_64-2012plus-4.2.0\bin;C:\Users\Volteo\.dotnet\tools;C:\Users\Volteo\AppData\Local\Yarn\bin
USERNAME=Volteo
OS=Windows_NT
PROCESSOR_IDENTIFIER=Intel64 Family 6 Model 142 Stepping 10, GenuineIntel



---------------  S Y S T E M  ---------------

OS:
 Windows 10 , 64 bit Build 18362 (10.0.18362.1110)
OS uptime: 0 days 4:20 hours

CPU: total 8 (initial active 8) (4 cores per cpu, 2 threads per core) family 6 model 142 stepping 10 microcode 0x96, cmov, cx8, fxsr, mmx, sse, sse2, sse3, ssse3, sse4.1, sse4.2, popcnt, vzeroupper, avx, avx2, aes, clmul, erms, 3dnowpref, lzcnt, ht, tsc, tscinvbit, bmi1, bmi2, adx, fma, clflush, clflushopt

Memory: 4k page, system-wide physical 16238M (8451M free)
TotalPageFile size 18670M (AvailPageFile size 8752M)
current process WorkingSet (physical memory assigned to process): 29M, peak: 29M
current process commit charge ("private bytes"): 346M, peak: 346M

vm_info: Java HotSpot(TM) 64-Bit Server VM (15.0.1+9-18) for windows-amd64 JRE (15.0.1+9-18), built on Sep 15 2020 14:43:54 by "mach5one" with unknown MS VC++:1925

END.
